<?xml version="1.0" encoding="utf-8"?>
<?AutomationStudio Version="4.5.2.102"?>
<Objects>
  <Object
    Path="A:\as\Logical\Package.pkg"
    LogicalPath=""
    Type="Package.ParentUnknown"
    LastWriteTime="132836892462353993" />
  <Object
    Path="A:\as\Logical\Global.typ"
    LogicalPath="Global.typ"
    Type="File"
    LastWriteTime="132823955088966010"
    Private="false" />
  <Object
    Path="A:\as\Logical\Global.var"
    LogicalPath="Global.var"
    Type="File"
    LastWriteTime="132836891646897362"
    Private="false" />
  <Object
    Path="A:\as\Logical\Libraries\Package.pkg"
    LogicalPath="Libraries"
    Type="Package"
    LastWriteTime="132823955090970606" />
  <Object
    Path="A:\as\Logical\Libraries\Runtime\Binary.lby"
    LogicalPath="Libraries.Runtime"
    Type="Library"
    LastWriteTime="131091583340000000" />
  <Object
    Path="A:\as\Logical\Libraries\Runtime\runtime.fun"
    LogicalPath="Libraries.Runtime.runtime.fun"
    Type="File"
    LastWriteTime="131091583340000000"
    Private="false" />
  <Object
    Path="A:\as\Logical\Libraries\Runtime\runtime.typ"
    LogicalPath="Libraries.Runtime.runtime.typ"
    Type="File"
    LastWriteTime="131091583340000000"
    Private="false" />
  <Object
    Path="A:\as\Logical\Libraries\Runtime\runtime.var"
    LogicalPath="Libraries.Runtime.runtime.var"
    Type="File"
    LastWriteTime="131091583340000000"
    Private="false" />
  <Object
    Path="A:\as\Logical\Libraries\Operator\Binary.lby"
    LogicalPath="Libraries.Operator"
    Type="Library"
    LastWriteTime="131091583340000000" />
  <Object
    Path="A:\as\Logical\Libraries\Operator\operator.fun"
    LogicalPath="Libraries.Operator.operator.fun"
    Type="File"
    LastWriteTime="131091583340000000"
    Private="false" />
  <Object
    Path="A:\as\Logical\Libraries\Operator\operator.typ"
    LogicalPath="Libraries.Operator.operator.typ"
    Type="File"
    LastWriteTime="131091583340000000"
    Private="false" />
  <Object
    Path="A:\as\Logical\Libraries\Operator\operator.var"
    LogicalPath="Libraries.Operator.operator.var"
    Type="File"
    LastWriteTime="131091583340000000"
    Private="false" />
  <Object
    Path="A:\as\Logical\Libraries\AsIecCon\Binary.lby"
    LogicalPath="Libraries.AsIecCon"
    Type="Library"
    LastWriteTime="131091583340000000" />
  <Object
    Path="A:\as\Logical\Libraries\AsIecCon\AsIecCon.fun"
    LogicalPath="Libraries.AsIecCon.AsIecCon.fun"
    Type="File"
    LastWriteTime="131091583340000000"
    Private="false" />
  <Object
    Path="A:\as\Logical\Libraries\AsIecCon\AsIecCon.typ"
    LogicalPath="Libraries.AsIecCon.AsIecCon.typ"
    Type="File"
    LastWriteTime="131091583340000000"
    Private="false" />
  <Object
    Path="A:\as\Logical\Libraries\AsIecCon\AsIecCon.var"
    LogicalPath="Libraries.AsIecCon.AsIecCon.var"
    Type="File"
    LastWriteTime="131091583340000000"
    Private="false" />
  <Object
    Path="A:\as\Logical\Libraries\astime\Binary.lby"
    LogicalPath="Libraries.astime"
    Type="Library"
    LastWriteTime="131091583340000000" />
  <Object
    Path="A:\as\Logical\Libraries\astime\astime.fun"
    LogicalPath="Libraries.astime.astime.fun"
    Type="File"
    LastWriteTime="131091583340000000"
    Private="false" />
  <Object
    Path="A:\as\Logical\Libraries\astime\astime.typ"
    LogicalPath="Libraries.astime.astime.typ"
    Type="File"
    LastWriteTime="131091583340000000"
    Private="false" />
  <Object
    Path="A:\as\Logical\Libraries\astime\astime.var"
    LogicalPath="Libraries.astime.astime.var"
    Type="File"
    LastWriteTime="131091583340000000"
    Private="false" />
  <Object
    Path="A:\as\Logical\Libraries\Acp10sdc\Binary.lby"
    LogicalPath="Libraries.Acp10sdc"
    Type="Library"
    LastWriteTime="131224609240000000" />
  <Object
    Path="A:\as\Logical\Libraries\Acp10sdc\acp10sdc.var"
    LogicalPath="Libraries.Acp10sdc.acp10sdc.var"
    Type="File"
    LastWriteTime="131224609240000000"
    Private="false" />
  <Object
    Path="A:\as\Logical\Libraries\Acp10sdc\acp10sdc.typ"
    LogicalPath="Libraries.Acp10sdc.acp10sdc.typ"
    Type="File"
    LastWriteTime="131224609240000000"
    Private="false" />
  <Object
    Path="A:\as\Logical\Libraries\Acp10man\Binary.lby"
    LogicalPath="Libraries.Acp10man"
    Type="Library"
    LastWriteTime="131224609260000000" />
  <Object
    Path="A:\as\Logical\Libraries\Acp10man\Acp10man.typ"
    LogicalPath="Libraries.Acp10man.Acp10man.typ"
    Type="File"
    LastWriteTime="131224609260000000"
    Private="false" />
  <Object
    Path="A:\as\Logical\Libraries\Acp10par\Binary.lby"
    LogicalPath="Libraries.Acp10par"
    Type="Library"
    LastWriteTime="131224609260000000" />
  <Object
    Path="A:\as\Logical\Libraries\Acp10par\Acp10par.var"
    LogicalPath="Libraries.Acp10par.Acp10par.var"
    Type="File"
    LastWriteTime="131224609260000000"
    Private="false" />
  <Object
    Path="A:\as\Logical\Libraries\NcGlobal\Binary.lby"
    LogicalPath="Libraries.NcGlobal"
    Type="Library"
    LastWriteTime="131224609260000000" />
  <Object
    Path="A:\as\Logical\Libraries\NcGlobal\NcGlobal.fun"
    LogicalPath="Libraries.NcGlobal.NcGlobal.fun"
    Type="File"
    LastWriteTime="131224609260000000"
    Private="false" />
  <Object
    Path="A:\as\Logical\Libraries\NcGlobal\NcGlobal.typ"
    LogicalPath="Libraries.NcGlobal.NcGlobal.typ"
    Type="File"
    LastWriteTime="131224609260000000"
    Private="false" />
  <Object
    Path="A:\as\Logical\Libraries\NcGlobal\NcGlobal.var"
    LogicalPath="Libraries.NcGlobal.NcGlobal.var"
    Type="File"
    LastWriteTime="131224609260000000"
    Private="false" />
  <Object
    Path="A:\as\Logical\Libraries\asstring\Binary.lby"
    LogicalPath="Libraries.asstring"
    Type="Library"
    LastWriteTime="131224625840000000" />
  <Object
    Path="A:\as\Logical\Libraries\asstring\asstring.fun"
    LogicalPath="Libraries.asstring.asstring.fun"
    Type="File"
    LastWriteTime="131224625840000000"
    Private="false" />
  <Object
    Path="A:\as\Logical\Libraries\asstring\asstring.typ"
    LogicalPath="Libraries.asstring.asstring.typ"
    Type="File"
    LastWriteTime="131224625840000000"
    Private="false" />
  <Object
    Path="A:\as\Logical\Libraries\asstring\asstring.var"
    LogicalPath="Libraries.asstring.asstring.var"
    Type="File"
    LastWriteTime="131224625840000000"
    Private="false" />
  <Object
    Path="A:\as\Logical\Libraries\AsIOTime\Binary.lby"
    LogicalPath="Libraries.AsIOTime"
    Type="Library"
    LastWriteTime="131224626000000000" />
  <Object
    Path="A:\as\Logical\Libraries\AsIOTime\AsIOTime.fun"
    LogicalPath="Libraries.AsIOTime.AsIOTime.fun"
    Type="File"
    LastWriteTime="131224626000000000"
    Private="false" />
  <Object
    Path="A:\as\Logical\Libraries\AsIOTime\AsIOTime.typ"
    LogicalPath="Libraries.AsIOTime.AsIOTime.typ"
    Type="File"
    LastWriteTime="131224626000000000"
    Private="false" />
  <Object
    Path="A:\as\Logical\Libraries\AsIOTime\AsIOTime.var"
    LogicalPath="Libraries.AsIOTime.AsIOTime.var"
    Type="File"
    LastWriteTime="131224626000000000"
    Private="false" />
  <Object
    Path="A:\as\Logical\Libraries\Acp10_MC\Binary.lby"
    LogicalPath="Libraries.Acp10_MC"
    Type="Library"
    LastWriteTime="131224650300000000" />
  <Object
    Path="A:\as\Logical\Libraries\Acp10_MC\acp10_mc.fun"
    LogicalPath="Libraries.Acp10_MC.acp10_mc.fun"
    Type="File"
    LastWriteTime="131224650300000000"
    Private="false" />
  <Object
    Path="A:\as\Logical\Libraries\Acp10_MC\acp10_mc.typ"
    LogicalPath="Libraries.Acp10_MC.acp10_mc.typ"
    Type="File"
    LastWriteTime="131224650300000000"
    Private="false" />
  <Object
    Path="A:\as\Logical\Libraries\Acp10_MC\acp10_mc.var"
    LogicalPath="Libraries.Acp10_MC.acp10_mc.var"
    Type="File"
    LastWriteTime="131224650300000000"
    Private="false" />
  <Object
    Path="A:\as\Logical\Libraries\brsystem\Binary.lby"
    LogicalPath="Libraries.brsystem"
    Type="Library"
    LastWriteTime="131224650320000000" />
  <Object
    Path="A:\as\Logical\Libraries\brsystem\brsystem.fun"
    LogicalPath="Libraries.brsystem.brsystem.fun"
    Type="File"
    LastWriteTime="131224650320000000"
    Private="false" />
  <Object
    Path="A:\as\Logical\Libraries\brsystem\brsystem.typ"
    LogicalPath="Libraries.brsystem.brsystem.typ"
    Type="File"
    LastWriteTime="131224650320000000"
    Private="false" />
  <Object
    Path="A:\as\Logical\Libraries\brsystem\brsystem.var"
    LogicalPath="Libraries.brsystem.brsystem.var"
    Type="File"
    LastWriteTime="131224650320000000"
    Private="false" />
  <Object
    Path="A:\as\Logical\Libraries\sys_lib\Binary.lby"
    LogicalPath="Libraries.sys_lib"
    Type="Library"
    LastWriteTime="131224650320000000" />
  <Object
    Path="A:\as\Logical\Libraries\sys_lib\sys_lib.fun"
    LogicalPath="Libraries.sys_lib.sys_lib.fun"
    Type="File"
    LastWriteTime="131224650320000000"
    Private="false" />
  <Object
    Path="A:\as\Logical\Libraries\sys_lib\sys_lib.typ"
    LogicalPath="Libraries.sys_lib.sys_lib.typ"
    Type="File"
    LastWriteTime="131224650320000000"
    Private="false" />
  <Object
    Path="A:\as\Logical\Libraries\sys_lib\sys_lib.var"
    LogicalPath="Libraries.sys_lib.sys_lib.var"
    Type="File"
    LastWriteTime="131224650320000000"
    Private="false" />
  <Object
    Path="A:\as\Logical\Libraries\Acp10sim\Binary.lby"
    LogicalPath="Libraries.Acp10sim"
    Type="Library"
    LastWriteTime="131224650480000000" />
  <Object
    Path="A:\as\Logical\Libraries\Acp10sim\acp10sim.var"
    LogicalPath="Libraries.Acp10sim.acp10sim.var"
    Type="File"
    LastWriteTime="131224650480000000"
    Private="false" />
  <Object
    Path="A:\as\Logical\Libraries\Acp10sim\acp10sim.typ"
    LogicalPath="Libraries.Acp10sim.acp10sim.typ"
    Type="File"
    LastWriteTime="131224650480000000"
    Private="false" />
  <Object
    Path="A:\as\Logical\Libraries\Library\ANSIC.lby"
    LogicalPath="Libraries.Library"
    Type="Library"
    LastWriteTime="132823955107648603" />
  <Object
    Path="A:\as\Logical\Libraries\Library\Library.fun"
    LogicalPath="Libraries.Library.Library.fun"
    Type="File"
    LastWriteTime="132823955108194303"
    Private="false" />
  <Object
    Path="A:\as\Logical\Libraries\Library\FB_Motor.c"
    LogicalPath="Libraries.Library.FB_Motor.c"
    Type="File"
    LastWriteTime="132823955108083819"
    Private="false" />
  <Object
    Path="A:\as\Logical\Libraries\Library\FB_Controller.c"
    LogicalPath="Libraries.Library.FB_Controller.c"
    Type="File"
    LastWriteTime="132823955107815936"
    Private="false" />
  <Object
    Path="A:\as\Logical\Libraries\Library\FB_Integrator.c"
    LogicalPath="Libraries.Library.FB_Integrator.c"
    Type="File"
    LastWriteTime="132823955107994059"
    Private="false" />
  <Object
    Path="A:\as\Logical\Libraries\Library\FB_Endswitch.c"
    LogicalPath="Libraries.Library.FB_Endswitch.c"
    Type="File"
    LastWriteTime="132823955107904280"
    Private="false" />
  <Object
    Path="A:\as\Logical\Libraries\Library\FB_Axis.c"
    LogicalPath="Libraries.Library.FB_Axis.c"
    Type="File"
    LastWriteTime="132823955107728124"
    Private="false" />
  <Object
    Path="A:\as\Logical\Libraries\AsMath\Binary.lby"
    LogicalPath="Libraries.AsMath"
    Type="Library"
    LastWriteTime="131250721000000000" />
  <Object
    Path="A:\as\Logical\Libraries\AsMath\AsMath.fun"
    LogicalPath="Libraries.AsMath.AsMath.fun"
    Type="File"
    LastWriteTime="131250721000000000"
    Private="false" />
  <Object
    Path="A:\as\Logical\Libraries\AsMath\AsMath.typ"
    LogicalPath="Libraries.AsMath.AsMath.typ"
    Type="File"
    LastWriteTime="131250721000000000"
    Private="false" />
  <Object
    Path="A:\as\Logical\Libraries\AsMath\AsMath.var"
    LogicalPath="Libraries.AsMath.AsMath.var"
    Type="File"
    LastWriteTime="131250721000000000"
    Private="false" />
  <Object
    Path="A:\as\Logical\Libraries\Arnc0man\Binary.lby"
    LogicalPath="Libraries.Arnc0man"
    Type="Library"
    LastWriteTime="131251325360000000" />
  <Object
    Path="A:\as\Logical\Libraries\Arnc0man\arnc0man.typ"
    LogicalPath="Libraries.Arnc0man.arnc0man.typ"
    Type="File"
    LastWriteTime="131251325360000000"
    Private="false" />
  <Object
    Path="A:\as\Logical\Libraries\DataObj\Binary.lby"
    LogicalPath="Libraries.DataObj"
    Type="Library"
    LastWriteTime="131251325360000000" />
  <Object
    Path="A:\as\Logical\Libraries\DataObj\DataObj.fun"
    LogicalPath="Libraries.DataObj.DataObj.fun"
    Type="File"
    LastWriteTime="131251325360000000"
    Private="false" />
  <Object
    Path="A:\as\Logical\Libraries\DataObj\DataObj.typ"
    LogicalPath="Libraries.DataObj.DataObj.typ"
    Type="File"
    LastWriteTime="131251325360000000"
    Private="false" />
  <Object
    Path="A:\as\Logical\Libraries\DataObj\DataObj.var"
    LogicalPath="Libraries.DataObj.DataObj.var"
    Type="File"
    LastWriteTime="131251325360000000"
    Private="false" />
  <Object
    Path="A:\as\Logical\Libraries\AsArLog\Binary.lby"
    LogicalPath="Libraries.AsArLog"
    Type="Library"
    LastWriteTime="131251325360000000" />
  <Object
    Path="A:\as\Logical\Libraries\AsArLog\AsArLog.fun"
    LogicalPath="Libraries.AsArLog.AsArLog.fun"
    Type="File"
    LastWriteTime="131251325360000000"
    Private="false" />
  <Object
    Path="A:\as\Logical\Libraries\AsArLog\AsArLog.typ"
    LogicalPath="Libraries.AsArLog.AsArLog.typ"
    Type="File"
    LastWriteTime="131251325360000000"
    Private="false" />
  <Object
    Path="A:\as\Logical\Libraries\AsArLog\AsArLog.var"
    LogicalPath="Libraries.AsArLog.AsArLog.var"
    Type="File"
    LastWriteTime="131251325360000000"
    Private="false" />
  <Object
    Path="A:\as\Logical\Libraries\FileIO\Binary.lby"
    LogicalPath="Libraries.FileIO"
    Type="Library"
    LastWriteTime="131251325380000000" />
  <Object
    Path="A:\as\Logical\Libraries\FileIO\FileIO.fun"
    LogicalPath="Libraries.FileIO.FileIO.fun"
    Type="File"
    LastWriteTime="131251325380000000"
    Private="false" />
  <Object
    Path="A:\as\Logical\Libraries\FileIO\FileIO.typ"
    LogicalPath="Libraries.FileIO.FileIO.typ"
    Type="File"
    LastWriteTime="131251325380000000"
    Private="false" />
  <Object
    Path="A:\as\Logical\Libraries\FileIO\FileIO.var"
    LogicalPath="Libraries.FileIO.FileIO.var"
    Type="File"
    LastWriteTime="131251325380000000"
    Private="false" />
  <Object
    Path="A:\as\Logical\Libraries\AsArProf\Binary.lby"
    LogicalPath="Libraries.AsArProf"
    Type="Library"
    LastWriteTime="131251325380000000" />
  <Object
    Path="A:\as\Logical\Libraries\AsArProf\AsArProf.fun"
    LogicalPath="Libraries.AsArProf.AsArProf.fun"
    Type="File"
    LastWriteTime="131251325380000000"
    Private="false" />
  <Object
    Path="A:\as\Logical\Libraries\AsArProf\AsArProf.typ"
    LogicalPath="Libraries.AsArProf.AsArProf.typ"
    Type="File"
    LastWriteTime="131251325380000000"
    Private="false" />
  <Object
    Path="A:\as\Logical\Libraries\AsArProf\AsArProf.var"
    LogicalPath="Libraries.AsArProf.AsArProf.var"
    Type="File"
    LastWriteTime="131251325380000000"
    Private="false" />
  <Object
    Path="A:\as\Logical\Libraries\AsMem\Binary.lby"
    LogicalPath="Libraries.AsMem"
    Type="Library"
    LastWriteTime="131251325380000000" />
  <Object
    Path="A:\as\Logical\Libraries\AsMem\AsMem.fun"
    LogicalPath="Libraries.AsMem.AsMem.fun"
    Type="File"
    LastWriteTime="131251325380000000"
    Private="false" />
  <Object
    Path="A:\as\Logical\Libraries\AsMem\AsMem.typ"
    LogicalPath="Libraries.AsMem.AsMem.typ"
    Type="File"
    LastWriteTime="131251325380000000"
    Private="false" />
  <Object
    Path="A:\as\Logical\Libraries\AsMem\AsMem.var"
    LogicalPath="Libraries.AsMem.AsMem.var"
    Type="File"
    LastWriteTime="131251325380000000"
    Private="false" />
  <Object
    Path="A:\as\Logical\AxisApt\Apt.dob"
    LogicalPath="AxisApt"
    Type="DataObject"
    LastWriteTime="132823955089874797" />
  <Object
    Path="A:\as\Logical\AxisApt\AcpParTab.apt"
    LogicalPath="AxisApt.AcpParTab.apt"
    Type="File"
    LastWriteTime="132823955089734881"
    Private="false" />
  <Object
    Path="A:\as\Logical\Types.typ"
    LogicalPath="Types.typ"
    Type="File"
    LastWriteTime="132823955089311958"
    Private="false" />
  <Object
    Path="A:\as\Logical\AxisInit\Ax.dob"
    LogicalPath="AxisInit"
    Type="DataObject"
    LastWriteTime="132823955090009732" />
  <Object
    Path="A:\as\Logical\AxisInit\AxInitAcp10.ax"
    LogicalPath="AxisInit.AxInitAcp10.ax"
    Type="File"
    LastWriteTime="132823955090129418"
    Private="false" />
  <Object
    Path="A:\as\Logical\acp10etxen\Ett.dob"
    LogicalPath="acp10etxen"
    Type="DataObject"
    LastWriteTime="132823955089591567" />
  <Object
    Path="A:\as\Logical\acp10etxen\acp10etxen.ett"
    LogicalPath="acp10etxen.acp10etxen.ett"
    Type="File"
    LastWriteTime="132823955089471532"
    Private="false" />
  <Object
    Path="A:\as\Logical\gAxis03obj\Package.pkg"
    LogicalPath="gAxis03obj"
    Type="Package"
    LastWriteTime="132823955090288992" />
  <Object
    Path="A:\as\Logical\gAxis03obj\gAxis03a\Apt.dob"
    LogicalPath="gAxis03obj.gAxis03a"
    Type="DataObject"
    LastWriteTime="132823955090431144" />
  <Object
    Path="A:\as\Logical\gAxis03obj\gAxis03a\gAxis03a.apt"
    LogicalPath="gAxis03obj.gAxis03a.gAxis03a.apt"
    Type="File"
    LastWriteTime="132823955090545765"
    Private="false" />
  <Object
    Path="A:\as\Logical\gAxis03obj\gAxis03i\Ax.dob"
    LogicalPath="gAxis03obj.gAxis03i"
    Type="DataObject"
    LastWriteTime="132823955090685954" />
  <Object
    Path="A:\as\Logical\gAxis03obj\gAxis03i\gAxis03i.ax"
    LogicalPath="gAxis03obj.gAxis03i.gAxis03i.ax"
    Type="File"
    LastWriteTime="132823955090811968"
    Private="false" />
  <Object
    Path="A:\as\Logical\SDCAxisCtrl_X\ANSIC.prg"
    LogicalPath="SDCAxisCtrl_X"
    Type="Program"
    LastWriteTime="132836890163302446" />
  <Object
    Path="A:\as\Logical\SDCAxisCtrl_X\Variables.var"
    LogicalPath="SDCAxisCtrl_X.Variables.var"
    Type="File"
    LastWriteTime="132836901892090231"
    Private="true" />
  <Object
    Path="A:\as\Logical\SDCAxisCtrl_X\Main.c"
    LogicalPath="SDCAxisCtrl_X.Main.c"
    Type="File"
    LastWriteTime="132836901919493461"
    Private="false" />
  <Object
    Path="A:\as\Logical\Program\ANSIC.prg"
    LogicalPath="Program"
    Type="Program"
    LastWriteTime="132836892462344019" />
  <Object
    Path="A:\as\Logical\Program\Cyclic.c"
    LogicalPath="Program.Cyclic.c"
    Type="File"
    LastWriteTime="132836892604192417"
    Private="false" />
  <Object
    Path="A:\as\Logical\Program\Init.c"
    LogicalPath="Program.Init.c"
    Type="File"
    LastWriteTime="132836892462304126"
    Private="false" />
  <Object
    Path="A:\as\Logical\Program\Exit.c"
    LogicalPath="Program.Exit.c"
    Type="File"
    LastWriteTime="132836892462314101"
    Private="false" />
  <Object
    Path="A:\as\Logical\Program\Types.typ"
    LogicalPath="Program.Types.typ"
    Type="File"
    LastWriteTime="132836892462334045"
    Private="true" />
  <Object
    Path="A:\as\Logical\Program\Variables.var"
    LogicalPath="Program.Variables.var"
    Type="File"
    LastWriteTime="132836892462344019"
    Private="true" />
  <Object
    Path="A:\as\Physical\Real\Config.pkg"
    LogicalPath="Real"
    Type="Configuration.ParentUnknown"
    LastWriteTime="132823955111954879" />
  <Object
    Path="A:\as\Physical\Real\Hardware.hw"
    LogicalPath="Real.Hardware.hw"
    Type="File"
    LastWriteTime="132836880040537494"
    Private="false" />
  <Object
    Path="A:\as\Physical\Real\Hardware.hwl"
    LogicalPath="Real.Hardware.hwl"
    Type="File"
    LastWriteTime="132823955112214180"
    Private="false" />
  <Object
    Path="A:\as\Physical\Real\4PP065_0571_P74\Cpu.pkg"
    LogicalPath="Real.4PP065_0571_P74"
    Type="Cpu"
    LastWriteTime="132836866987336344" />
  <Object
    Path="A:\as\Physical\Real\4PP065_0571_P74\Cpu.sw"
    LogicalPath="Real.4PP065_0571_P74.Cpu.sw"
    Type="File"
    LastWriteTime="132836892859006729"
    Private="false" />
  <Object
    Path="A:\as\Physical\Real\4PP065_0571_P74\Cpu.per"
    LogicalPath="Real.4PP065_0571_P74.Cpu.per"
    Type="File"
    LastWriteTime="132823955112454598"
    Private="false" />
  <Object
    Path="A:\as\Physical\Real\4PP065_0571_P74\IoMap.iom"
    LogicalPath="Real.4PP065_0571_P74.IoMap.iom"
    Type="File"
    LastWriteTime="132823955112834680"
    Private="false" />
  <Object
    Path="A:\as\Physical\Real\4PP065_0571_P74\PvMap.vvm"
    LogicalPath="Real.4PP065_0571_P74.PvMap.vvm"
    Type="File"
    LastWriteTime="132823955112934834"
    Private="false" />
  <Object
    Path="A:\as\Physical\Real\4PP065_0571_P74\mapp\Package.pkg"
    LogicalPath="Real.4PP065_0571_P74.mapp"
    Type="Package"
    LastWriteTime="132823955115560362" />
  <Object
    Path="A:\as\Physical\Real\4PP065_0571_P74\Connectivity\Package.pkg"
    LogicalPath="Real.4PP065_0571_P74.Connectivity"
    Type="Package"
    LastWriteTime="132823955115268249" />
  <Object
    Path="A:\as\Physical\Real\4PP065_0571_P74\Connectivity\OpcUA\Package.pkg"
    LogicalPath="Real.4PP065_0571_P74.Connectivity.OpcUA"
    Type="Package"
    LastWriteTime="132823955115418192" />
  <Object
    Path="A:\as\Physical\Real\4PP065_0571_P74\TextSystem\Package.pkg"
    LogicalPath="Real.4PP065_0571_P74.TextSystem"
    Type="Package"
    LastWriteTime="132823955116486601" />
  <Object
    Path="A:\as\Physical\Real\4PP065_0571_P74\AccessAndSecurity\Package.pkg"
    LogicalPath="Real.4PP065_0571_P74.AccessAndSecurity"
    Type="Package"
    LastWriteTime="132823955113094379" />
  <Object
    Path="A:\as\Physical\Real\4PP065_0571_P74\AccessAndSecurity\UserRoleSystem\Package.pkg"
    LogicalPath="Real.4PP065_0571_P74.AccessAndSecurity.UserRoleSystem"
    Type="Package"
    LastWriteTime="132823955114874370" />
  <Object
    Path="A:\as\Physical\Real\4PP065_0571_P74\AccessAndSecurity\UserRoleSystem\Role.role"
    LogicalPath="Real.4PP065_0571_P74.AccessAndSecurity.UserRoleSystem.Role.role"
    Type="File"
    LastWriteTime="132823955114996353"
    Private="false" />
  <Object
    Path="A:\as\Physical\Real\4PP065_0571_P74\AccessAndSecurity\UserRoleSystem\User.user"
    LogicalPath="Real.4PP065_0571_P74.AccessAndSecurity.UserRoleSystem.User.user"
    Type="File"
    LastWriteTime="132823955115105939"
    Private="false" />
  <Object
    Path="A:\as\Physical\Real\4PP065_0571_P74\AccessAndSecurity\CertificateStore\Package.pkg"
    LogicalPath="Real.4PP065_0571_P74.AccessAndSecurity.CertificateStore"
    Type="Package"
    LastWriteTime="132823955113243230" />
  <Object
    Path="A:\as\Physical\Real\4PP065_0571_P74\AccessAndSecurity\CertificateStore\OwnCertificates\Package.pkg"
    LogicalPath="Real.4PP065_0571_P74.AccessAndSecurity.CertificateStore.OwnCertificates"
    Type="Package"
    LastWriteTime="132823955113964981" />
  <Object
    Path="A:\as\Physical\Real\4PP065_0571_P74\AccessAndSecurity\CertificateStore\OwnCertificates\Certificates\Package.pkg"
    LogicalPath="Real.4PP065_0571_P74.AccessAndSecurity.CertificateStore.OwnCertificates.Certificates"
    Type="Package"
    LastWriteTime="132823955114114857" />
  <Object
    Path="A:\as\Physical\Real\4PP065_0571_P74\AccessAndSecurity\CertificateStore\OwnCertificates\PrivateKeys\Package.pkg"
    LogicalPath="Real.4PP065_0571_P74.AccessAndSecurity.CertificateStore.OwnCertificates.PrivateKeys"
    Type="Package"
    LastWriteTime="132823955114264209" />
  <Object
    Path="A:\as\Physical\Real\4PP065_0571_P74\AccessAndSecurity\CertificateStore\ThirdPartyCertificates\Package.pkg"
    LogicalPath="Real.4PP065_0571_P74.AccessAndSecurity.CertificateStore.ThirdPartyCertificates"
    Type="Package"
    LastWriteTime="132823955114424309" />
  <Object
    Path="A:\as\Physical\Real\4PP065_0571_P74\AccessAndSecurity\CertificateStore\ThirdPartyCertificates\SoftwareCertificates\Package.pkg"
    LogicalPath="Real.4PP065_0571_P74.AccessAndSecurity.CertificateStore.ThirdPartyCertificates.SoftwareCertificates"
    Type="Package"
    LastWriteTime="132823955114585126" />
  <Object
    Path="A:\as\Physical\Real\4PP065_0571_P74\AccessAndSecurity\CertificateStore\CertificateRevocationLists\Package.pkg"
    LogicalPath="Real.4PP065_0571_P74.AccessAndSecurity.CertificateStore.CertificateRevocationLists"
    Type="Package"
    LastWriteTime="132823955113366905" />
  <Object
    Path="A:\as\Physical\Real\4PP065_0571_P74\AccessAndSecurity\CertificateStore\CertificateSigningRequests\Package.pkg"
    LogicalPath="Real.4PP065_0571_P74.AccessAndSecurity.CertificateStore.CertificateSigningRequests"
    Type="Package"
    LastWriteTime="132823955113807713" />
  <Object
    Path="A:\as\Physical\Real\4PP065_0571_P74\AccessAndSecurity\TransportLayerSecurity\Package.pkg"
    LogicalPath="Real.4PP065_0571_P74.AccessAndSecurity.TransportLayerSecurity"
    Type="Package"
    LastWriteTime="132823955114724773" />
  <Object
    Path="A:\as\Physical\Real\4PP065_0571_P74\Motion\Package.pkg"
    LogicalPath="Real.4PP065_0571_P74.Motion"
    Type="Package"
    LastWriteTime="132823955116349915" />
  <Object
    Path="A:\as\Physical\Real\4PP065_0571_P74\Motion\Acp10map.ncm"
    LogicalPath="Real.4PP065_0571_P74.Motion.Acp10map.ncm"
    Type="File"
    LastWriteTime="132823955115840729"
    Private="false" />
  <Object
    Path="A:\as\Physical\Real\4PP065_0571_P74\Motion\Acp10cfg.ncc"
    LogicalPath="Real.4PP065_0571_P74.Motion.Acp10cfg.ncc"
    Type="File"
    LastWriteTime="132823955115701376"
    Private="false" />
  <Object
    Path="A:\as\Physical\Real\4PP065_0571_P74\Motion\Acp10map1.ncm"
    LogicalPath="Real.4PP065_0571_P74.Motion.Acp10map1.ncm"
    Type="File"
    LastWriteTime="132836880639235919"
    Private="false" />
  <Object
    Path="A:\as\Physical\Real\4PP065_0571_P74\Motion\Arnc0cfg.ncc"
    LogicalPath="Real.4PP065_0571_P74.Motion.Arnc0cfg.ncc"
    Type="File"
    LastWriteTime="132823955116100828"
    Private="false" />
  <Object
    Path="A:\as\Physical\Real\4PP065_0571_P74\Motion\Arnc0map.ncm"
    LogicalPath="Real.4PP065_0571_P74.Motion.Arnc0map.ncm"
    Type="File"
    LastWriteTime="132823955116220640"
    Private="false" />
  <Object
    Path="A:\as\Logical\Libraries\Arnc0man\SG4\Arnc0sys.br"
    LogicalPath="Real.4PP065_0571_P74.Motion.Arnc0sys.br"
    Type="File"
    LastWriteTime="131026725940000000"
    Private="false" />
  <Object
    Path="A:\as\Physical\Real\Hardware.jpg"
    LogicalPath="Real.Hardware.jpg"
    Type="File"
    LastWriteTime="132823955112324186"
    Private="false" />
</Objects>